<?xml version="1.0" encoding="UTF-8"?>
<!-- Generated by org.testng.reporters.JUnitReportReporter -->
<testsuite hostname="LIN76001903" failures="0" tests="1" name="runner.testRunner" time="112.988" errors="0" timestamp="07 May 2021 06:07:12 GMT" skipped="0">
  <testcase classname="runner.testRunner" name="feature" time="112.988"/>
</testsuite> <!-- runner.testRunner -->
