<?xml version="1.0" encoding="UTF-8"?>
<!-- Generated by org.testng.reporters.JUnitReportReporter -->
<testsuite hostname="LIN76001903" failures="0" tests="1" name="runner.testRunner" time="118.612" errors="0" timestamp="08 May 2021 08:13:32 GMT" skipped="0">
  <testcase classname="runner.testRunner" name="feature" time="118.612"/>
</testsuite> <!-- runner.testRunner -->
