<?xml version="1.0" encoding="UTF-8"?>
<!-- Generated by org.testng.reporters.JUnitReportReporter -->
<testsuite hostname="LIN76001903" failures="0" tests="1" name="testRunner.testRunner" time="106.422" errors="0" timestamp="07 May 2021 05:29:47 GMT" skipped="0">
  <testcase classname="testRunner.testRunner" name="feature" time="106.422"/>
</testsuite> <!-- testRunner.testRunner -->
