<?xml version="1.0" encoding="UTF-8"?>
<!-- Generated by org.testng.reporters.JUnitReportReporter -->
<testsuite hostname="LIN76001903" failures="0" tests="1" name="runner.testRunner" time="109.925" errors="0" timestamp="08 May 2021 07:02:04 GMT" skipped="0">
  <testcase classname="runner.testRunner" name="feature" time="109.925"/>
</testsuite> <!-- runner.testRunner -->
